<?xml version="1.0" encoding="UTF-8"?>
<testsuite xmlns:xsi="http://www.w3.org/2001/XMLSchema-instance" xsi:noNamespaceSchemaLocation="https://maven.apache.org/surefire/maven-surefire-plugin/xsd/surefire-test-report.xsd" name="espoch.edu.ec.TestPolinomio" time="0.1" tests="15" errors="0" skipped="0" failures="0">
  <properties>
[...]
</properties>
  <testcase name="CP1" classname="espoch.edu.ec.TestPolinomio" time="0.027"/>
  <testcase name="CP2" classname="espoch.edu.ec.TestPolinomio" time="0.005"/>
  <testcase name="CP3" classname="espoch.edu.ec.TestPolinomio" time="0.005"/>
  <testcase name="CP4" classname="espoch.edu.ec.TestPolinomio" time="0.002"/>
  <testcase name="CP5" classname="espoch.edu.ec.TestPolinomio" time="0.004"/>
  <testcase name="CP6" classname="espoch.edu.ec.TestPolinomio" time="0.004"/>
  <testcase name="CP7" classname="espoch.edu.ec.TestPolinomio" time="0.004"/>
  <testcase name="CP8" classname="espoch.edu.ec.TestPolinomio" time="0.004"/>
  <testcase name="CP9" classname="espoch.edu.ec.TestPolinomio" time="0.002"/>
  <testcase name="CP10" classname="espoch.edu.ec.TestPolinomio" time="0.002"/>
  <testcase name="CP11" classname="espoch.edu.ec.TestPolinomio" time="0.002"/>
  <testcase name="CP12" classname="espoch.edu.ec.TestPolinomio" time="0.001"/>
  <testcase name="CP13" classname="espoch.edu.ec.TestPolinomio" time="0.001"/>
  <testcase name="CP14" classname="espoch.edu.ec.TestPolinomio" time="0.001"/>
  <testcase name="CP15" classname="espoch.edu.ec.TestPolinomio" time="0.001"/>
</testsuite>